Determining if the pthread_create exist failed with the following output:
Change Dir: /home/bluerov/Schreibtisch/BlueROV2/build/CMakeFiles/CMakeTmp

Run Build Command:"/usr/bin/make" "cmTC_7cf51/fast"
/usr/bin/make -f CMakeFiles/cmTC_7cf51.dir/build.make CMakeFiles/cmTC_7cf51.dir/build
make[1]: Verzeichnis „/home/bluerov/Schreibtisch/BlueROV2/build/CMakeFiles/CMakeTmp“ wird betreten
Building C object CMakeFiles/cmTC_7cf51.dir/CheckSymbolExists.c.o
/usr/bin/cc     -o CMakeFiles/cmTC_7cf51.dir/CheckSymbolExists.c.o   -c /home/bluerov/Schreibtisch/BlueROV2/build/CMakeFiles/CMakeTmp/CheckSymbolExists.c
Linking C executable cmTC_7cf51
/usr/bin/cmake -E cmake_link_script CMakeFiles/cmTC_7cf51.dir/link.txt --verbose=1
/usr/bin/cc       CMakeFiles/cmTC_7cf51.dir/CheckSymbolExists.c.o  -o cmTC_7cf51 -rdynamic 
CMakeFiles/cmTC_7cf51.dir/CheckSymbolExists.c.o: In Funktion `main':
CheckSymbolExists.c:(.text+0x16): Nicht definierter Verweis auf `pthread_create'
collect2: error: ld returned 1 exit status
CMakeFiles/cmTC_7cf51.dir/build.make:97: die Regel für Ziel „cmTC_7cf51“ scheiterte
make[1]: *** [cmTC_7cf51] Fehler 1
make[1]: Verzeichnis „/home/bluerov/Schreibtisch/BlueROV2/build/CMakeFiles/CMakeTmp“ wird verlassen
Makefile:126: die Regel für Ziel „cmTC_7cf51/fast“ scheiterte
make: *** [cmTC_7cf51/fast] Fehler 2

File /home/bluerov/Schreibtisch/BlueROV2/build/CMakeFiles/CMakeTmp/CheckSymbolExists.c:
/* */
#include <pthread.h>

int main(int argc, char** argv)
{
  (void)argv;
#ifndef pthread_create
  return ((int*)(&pthread_create))[argc];
#else
  (void)argc;
  return 0;
#endif
}

Determining if the function pthread_create exists in the pthreads failed with the following output:
Change Dir: /home/bluerov/Schreibtisch/BlueROV2/build/CMakeFiles/CMakeTmp

Run Build Command:"/usr/bin/make" "cmTC_49147/fast"
/usr/bin/make -f CMakeFiles/cmTC_49147.dir/build.make CMakeFiles/cmTC_49147.dir/build
make[1]: Verzeichnis „/home/bluerov/Schreibtisch/BlueROV2/build/CMakeFiles/CMakeTmp“ wird betreten
Building C object CMakeFiles/cmTC_49147.dir/CheckFunctionExists.c.o
/usr/bin/cc    -DCHECK_FUNCTION_EXISTS=pthread_create   -o CMakeFiles/cmTC_49147.dir/CheckFunctionExists.c.o   -c /usr/share/cmake-3.5/Modules/CheckFunctionExists.c
Linking C executable cmTC_49147
/usr/bin/cmake -E cmake_link_script CMakeFiles/cmTC_49147.dir/link.txt --verbose=1
/usr/bin/cc   -DCHECK_FUNCTION_EXISTS=pthread_create    CMakeFiles/cmTC_49147.dir/CheckFunctionExists.c.o  -o cmTC_49147 -rdynamic -lpthreads 
/usr/bin/ld: cannot find -lpthreads
collect2: error: ld returned 1 exit status
CMakeFiles/cmTC_49147.dir/build.make:97: die Regel für Ziel „cmTC_49147“ scheiterte
make[1]: *** [cmTC_49147] Fehler 1
make[1]: Verzeichnis „/home/bluerov/Schreibtisch/BlueROV2/build/CMakeFiles/CMakeTmp“ wird verlassen
Makefile:126: die Regel für Ziel „cmTC_49147/fast“ scheiterte
make: *** [cmTC_49147/fast] Fehler 2


